<?xml version="1.0" encoding="UTF-8"?>
<robot generator="Robot 7.1.1 (Python 3.12.4 on win32)" generated="2025-03-09T12:53:41.225514" rpa="false" schemaversion="5">
<suite id="s1" name="Home" source="C:\Users\dougl\Desktop\Robot_Web\tests\functional_tests\home.robot">
<test id="s1-t1" name="Add, Edit and Delete an User in Web Tables" line="8">
<kw name="Acessar Página Inicial" owner="home_page">
<kw name="Open Browser" owner="SeleniumLibrary">
<msg time="2025-03-09T12:53:41.513419" level="INFO">Opening browser 'chrome' to base url 'https://demoqa.com/'.</msg>
<arg>${URL}</arg>
<arg>chrome</arg>
<doc>Opens a new browser instance to the optional ``url``.</doc>
<status status="PASS" start="2025-03-09T12:53:41.512373" elapsed="6.052438"/>
</kw>
<status status="PASS" start="2025-03-09T12:53:41.512373" elapsed="6.052438"/>
</kw>
<kw name="Clicar no elemento" owner="home_page">
<kw name="Set Variable" owner="BuiltIn">
<msg time="2025-03-09T12:53:47.565817" level="INFO">${seletor} = xpath=//h5[text()='Forms']</msg>
<var>${seletor}</var>
<arg>xpath=//h5[text()='${texto}']</arg>
<doc>Returns the given values which can then be assigned to a variables.</doc>
<status status="PASS" start="2025-03-09T12:53:47.565817" elapsed="0.000000"/>
</kw>
<kw name="Wait Until Element Is Visible" owner="SeleniumLibrary">
<arg>${seletor}</arg>
<arg>timeout=10s</arg>
<doc>Waits until the element ``locator`` is visible.</doc>
<status status="PASS" start="2025-03-09T12:53:47.565817" elapsed="0.028224"/>
</kw>
<kw name="Click Element" owner="SeleniumLibrary">
<msg time="2025-03-09T12:53:47.594041" level="INFO">Clicking element 'xpath=//h5[text()='Forms']'.</msg>
<arg>${seletor}</arg>
<doc>Click the element identified by ``locator``.</doc>
<status status="PASS" start="2025-03-09T12:53:47.594041" elapsed="0.144017"/>
</kw>
<arg>Forms</arg>
<status status="PASS" start="2025-03-09T12:53:47.565817" elapsed="0.173252"/>
</kw>
<kw name="Page Should Contain" owner="SeleniumLibrary">
<msg time="2025-03-09T12:53:47.766074" level="INFO">Current page contains text 'Forms'.</msg>
<arg>Forms</arg>
<doc>Verifies that current page contains ``text``.</doc>
<status status="PASS" start="2025-03-09T12:53:47.741661" elapsed="0.024413"/>
</kw>
<kw name="Click on Web Tables" owner="form_page">
<kw name="Click Element" owner="SeleniumLibrary">
<msg time="2025-03-09T12:53:47.767070" level="INFO">Clicking element 'xpath=(//*[@id="app"]/div/div/div//div/div/div[contains(., 'Elements')])[2]'.</msg>
<arg>xpath=(//*[@id="app"]/div/div/div//div/div/div[contains(., 'Elements')])[2]</arg>
<doc>Click the element identified by ``locator``.</doc>
<status status="PASS" start="2025-03-09T12:53:47.767070" elapsed="0.087404"/>
</kw>
<kw name="Wait Until Element Is Visible" owner="SeleniumLibrary">
<arg>xpath=//*[contains(text(), 'Web Tables')]</arg>
<arg>timeout=10s</arg>
<doc>Waits until the element ``locator`` is visible.</doc>
<status status="PASS" start="2025-03-09T12:53:47.855867" elapsed="0.250992"/>
</kw>
<kw name="Click Element" owner="SeleniumLibrary">
<msg time="2025-03-09T12:53:48.107914" level="INFO">Clicking element 'xpath=//*[contains(text(), 'Web Tables')]'.</msg>
<arg>xpath=//*[contains(text(), 'Web Tables')]</arg>
<doc>Click the element identified by ``locator``.</doc>
<status status="PASS" start="2025-03-09T12:53:48.106859" elapsed="0.156580"/>
</kw>
<status status="PASS" start="2025-03-09T12:53:47.767070" elapsed="0.497457"/>
</kw>
<kw name="Add an User" owner="form_page">
<kw name="Click Button" owner="SeleniumLibrary">
<msg time="2025-03-09T12:53:48.265549" level="INFO">Clicking button 'id=addNewRecordButton'.</msg>
<arg>id=addNewRecordButton</arg>
<doc>Clicks the button identified by ``locator``.</doc>
<status status="PASS" start="2025-03-09T12:53:48.265549" elapsed="0.281395"/>
</kw>
<kw name="Wait Until Element Is Visible" owner="SeleniumLibrary">
<arg>xpath=//*[contains(text(), 'Registration Form')]</arg>
<arg>timeout=10s</arg>
<doc>Waits until the element ``locator`` is visible.</doc>
<status status="PASS" start="2025-03-09T12:53:48.546944" elapsed="0.044242"/>
</kw>
<kw name="Input Text" owner="SeleniumLibrary">
<msg time="2025-03-09T12:53:48.592432" level="INFO">Typing text 'Douglas' into text field 'id=firstName'.</msg>
<arg>id=firstName</arg>
<arg>${first}</arg>
<doc>Types the given ``text`` into the text field identified by ``locator``.</doc>
<status status="PASS" start="2025-03-09T12:53:48.592432" elapsed="0.297986"/>
</kw>
<kw name="Input Text" owner="SeleniumLibrary">
<msg time="2025-03-09T12:53:48.890418" level="INFO">Typing text 'Santos' into text field 'id=lastName'.</msg>
<arg>id=lastName</arg>
<arg>${last}</arg>
<doc>Types the given ``text`` into the text field identified by ``locator``.</doc>
<status status="PASS" start="2025-03-09T12:53:48.890418" elapsed="0.314434"/>
</kw>
<kw name="Input Text" owner="SeleniumLibrary">
<msg time="2025-03-09T12:53:49.205846" level="INFO">Typing text 'dfcs@cin.ufpe' into text field 'id=userEmail'.</msg>
<arg>id=userEmail</arg>
<arg>${email}</arg>
<doc>Types the given ``text`` into the text field identified by ``locator``.</doc>
<status status="PASS" start="2025-03-09T12:53:49.205846" elapsed="0.231304"/>
</kw>
<kw name="Input Text" owner="SeleniumLibrary">
<msg time="2025-03-09T12:53:49.437150" level="INFO">Typing text '23' into text field 'id=age'.</msg>
<arg>id=age</arg>
<arg>${age}</arg>
<doc>Types the given ``text`` into the text field identified by ``locator``.</doc>
<status status="PASS" start="2025-03-09T12:53:49.437150" elapsed="0.339186"/>
</kw>
<kw name="Input Text" owner="SeleniumLibrary">
<msg time="2025-03-09T12:53:49.777330" level="INFO">Typing text '3000' into text field 'id=salary'.</msg>
<arg>id=salary</arg>
<arg>${salary}</arg>
<doc>Types the given ``text`` into the text field identified by ``locator``.</doc>
<status status="PASS" start="2025-03-09T12:53:49.777330" elapsed="0.116374"/>
</kw>
<kw name="Input Text" owner="SeleniumLibrary">
<msg time="2025-03-09T12:53:49.894706" level="INFO">Typing text 'TI' into text field 'id=department'.</msg>
<arg>id=department</arg>
<arg>${dept}</arg>
<doc>Types the given ``text`` into the text field identified by ``locator``.</doc>
<status status="PASS" start="2025-03-09T12:53:49.893704" elapsed="0.118612"/>
</kw>
<kw name="Click Button" owner="SeleniumLibrary">
<msg time="2025-03-09T12:53:50.013318" level="INFO">Clicking button 'id=submit'.</msg>
<arg>id=submit</arg>
<doc>Clicks the button identified by ``locator``.</doc>
<status status="PASS" start="2025-03-09T12:53:50.012316" elapsed="0.129341"/>
</kw>
<kw name="Wait Until Element Is Visible" owner="SeleniumLibrary">
<arg>xpath=//*[contains(text(), ${first})]</arg>
<arg>timeout=10s</arg>
<doc>Waits until the element ``locator`` is visible.</doc>
<status status="PASS" start="2025-03-09T12:53:50.142664" elapsed="0.068635"/>
</kw>
<arg>Douglas</arg>
<arg>Santos</arg>
<arg>dfcs@cin.ufpe</arg>
<arg>23</arg>
<arg>3000</arg>
<arg>TI</arg>
<status status="PASS" start="2025-03-09T12:53:48.264527" elapsed="1.947763"/>
</kw>
<kw name="Edit an User" owner="form_page">
<kw name="Wait Until Element Is Visible" owner="SeleniumLibrary">
<arg>id=edit-record-4</arg>
<arg>timeout=10s</arg>
<doc>Waits until the element ``locator`` is visible.</doc>
<status status="PASS" start="2025-03-09T12:53:50.213288" elapsed="0.021490"/>
</kw>
<kw name="Execute Javascript" owner="SeleniumLibrary">
<msg time="2025-03-09T12:53:50.235760" level="INFO">Executing JavaScript:
document.getElementById('edit-record-4').click()
Without any arguments.</msg>
<arg>document.getElementById('edit-record-4').click()</arg>
<doc>Executes the given JavaScript code with possible arguments.</doc>
<status status="PASS" start="2025-03-09T12:53:50.235760" elapsed="0.025418"/>
</kw>
<kw name="Input Text" owner="SeleniumLibrary">
<msg time="2025-03-09T12:53:50.261178" level="INFO">Typing text 'Maria' into text field 'id=firstName'.</msg>
<arg>id=firstName</arg>
<arg>${newNane}</arg>
<doc>Types the given ``text`` into the text field identified by ``locator``.</doc>
<status status="PASS" start="2025-03-09T12:53:50.261178" elapsed="0.145810"/>
</kw>
<kw name="Click Button" owner="SeleniumLibrary">
<msg time="2025-03-09T12:53:50.406988" level="INFO">Clicking button 'id=submit'.</msg>
<arg>id=submit</arg>
<doc>Clicks the button identified by ``locator``.</doc>
<status status="PASS" start="2025-03-09T12:53:50.406988" elapsed="0.135612"/>
</kw>
<kw name="Wait Until Element Is Visible" owner="SeleniumLibrary">
<arg>xpath=//*[contains(text(),${newNane})]</arg>
<arg>timeout=10s</arg>
<doc>Waits until the element ``locator`` is visible.</doc>
<status status="PASS" start="2025-03-09T12:53:50.543869" elapsed="0.071690"/>
</kw>
<kw name="Sleep" owner="BuiltIn">
<msg time="2025-03-09T12:54:00.616178" level="INFO">Slept 10 seconds.</msg>
<arg>10s</arg>
<doc>Pauses the test executed for the given time.</doc>
<status status="PASS" start="2025-03-09T12:53:50.615559" elapsed="10.000619"/>
</kw>
<arg>Douglas</arg>
<arg>Maria</arg>
<status status="PASS" start="2025-03-09T12:53:50.212290" elapsed="10.403888"/>
</kw>
<kw name="Delete a User" owner="form_page">
<kw name="Wait Until Element Is Visible" owner="SeleniumLibrary">
<arg>id=delete-record-4</arg>
<arg>timeout=10s</arg>
<doc>Waits until the element ``locator`` is visible.</doc>
<status status="PASS" start="2025-03-09T12:54:00.617212" elapsed="0.028907"/>
</kw>
<kw name="Execute Javascript" owner="SeleniumLibrary">
<msg time="2025-03-09T12:54:00.646119" level="INFO">Executing JavaScript:
document.getElementById('delete-record-4').click()
Without any arguments.</msg>
<arg>document.getElementById('delete-record-4').click()</arg>
<doc>Executes the given JavaScript code with possible arguments.</doc>
<status status="PASS" start="2025-03-09T12:54:00.646119" elapsed="0.024483"/>
</kw>
<kw name="Wait Until Element Is Not Visible" owner="SeleniumLibrary">
<arg>xpath=//*[contains(text(),'Maria')]</arg>
<arg>timeout=20s</arg>
<doc>Waits until the element ``locator`` is not visible.</doc>
<status status="PASS" start="2025-03-09T12:54:00.671603" elapsed="0.012713"/>
</kw>
<arg>Maria</arg>
<status status="PASS" start="2025-03-09T12:54:00.617212" elapsed="0.067104"/>
</kw>
<kw name="Acessar Página Inicial" owner="home_page">
<kw name="Open Browser" owner="SeleniumLibrary">
<msg time="2025-03-09T12:54:00.685314" level="INFO">Opening browser 'chrome' to base url 'https://demoqa.com/'.</msg>
<arg>${URL}</arg>
<arg>chrome</arg>
<doc>Opens a new browser instance to the optional ``url``.</doc>
<status status="PASS" start="2025-03-09T12:54:00.685314" elapsed="7.160587"/>
</kw>
<status status="PASS" start="2025-03-09T12:54:00.684316" elapsed="7.161585"/>
</kw>
<kw name="Clicar no elemento" owner="home_page">
<kw name="Set Variable" owner="BuiltIn">
<msg time="2025-03-09T12:54:07.848015" level="INFO">${seletor} = xpath=//h5[text()='Forms']</msg>
<var>${seletor}</var>
<arg>xpath=//h5[text()='${texto}']</arg>
<doc>Returns the given values which can then be assigned to a variables.</doc>
<status status="PASS" start="2025-03-09T12:54:07.848015" elapsed="0.000000"/>
</kw>
<kw name="Wait Until Element Is Visible" owner="SeleniumLibrary">
<arg>${seletor}</arg>
<arg>timeout=10s</arg>
<doc>Waits until the element ``locator`` is visible.</doc>
<status status="PASS" start="2025-03-09T12:54:07.848015" elapsed="0.028692"/>
</kw>
<kw name="Click Element" owner="SeleniumLibrary">
<msg time="2025-03-09T12:54:07.877711" level="INFO">Clicking element 'xpath=//h5[text()='Forms']'.</msg>
<arg>${seletor}</arg>
<doc>Click the element identified by ``locator``.</doc>
<status status="PASS" start="2025-03-09T12:54:07.877711" elapsed="0.132209"/>
</kw>
<arg>Forms</arg>
<status status="PASS" start="2025-03-09T12:54:07.846872" elapsed="0.163048"/>
</kw>
<kw name="Page Should Contain" owner="SeleniumLibrary">
<msg time="2025-03-09T12:54:08.042890" level="INFO">Current page contains text 'Forms'.</msg>
<arg>Forms</arg>
<doc>Verifies that current page contains ``text``.</doc>
<status status="PASS" start="2025-03-09T12:54:08.010916" elapsed="0.031974"/>
</kw>
<kw name="Close Browser" owner="SeleniumLibrary">
<doc>Closes the current browser.</doc>
<status status="PASS" start="2025-03-09T12:54:08.043881" elapsed="2.191458"/>
</kw>
<status status="PASS" start="2025-03-09T12:53:41.511308" elapsed="28.724031"/>
</test>
<test id="s1-t2" name="Download and Upload an File" line="22">
<kw name="Acessar Página Inicial" owner="home_page">
<kw name="Open Browser" owner="SeleniumLibrary">
<msg time="2025-03-09T12:54:10.238339" level="INFO">Opening browser 'chrome' to base url 'https://demoqa.com/'.</msg>
<arg>${URL}</arg>
<arg>chrome</arg>
<doc>Opens a new browser instance to the optional ``url``.</doc>
<status status="PASS" start="2025-03-09T12:54:10.238339" elapsed="4.856432"/>
</kw>
<status status="PASS" start="2025-03-09T12:54:10.237342" elapsed="4.857429"/>
</kw>
<kw name="Clicar no elemento" owner="home_page">
<kw name="Set Variable" owner="BuiltIn">
<msg time="2025-03-09T12:54:15.096047" level="INFO">${seletor} = xpath=//h5[text()='Forms']</msg>
<var>${seletor}</var>
<arg>xpath=//h5[text()='${texto}']</arg>
<doc>Returns the given values which can then be assigned to a variables.</doc>
<status status="PASS" start="2025-03-09T12:54:15.096047" elapsed="0.000000"/>
</kw>
<kw name="Wait Until Element Is Visible" owner="SeleniumLibrary">
<arg>${seletor}</arg>
<arg>timeout=10s</arg>
<doc>Waits until the element ``locator`` is visible.</doc>
<status status="PASS" start="2025-03-09T12:54:15.096047" elapsed="0.030424"/>
</kw>
<kw name="Click Element" owner="SeleniumLibrary">
<msg time="2025-03-09T12:54:15.126471" level="INFO">Clicking element 'xpath=//h5[text()='Forms']'.</msg>
<arg>${seletor}</arg>
<doc>Click the element identified by ``locator``.</doc>
<status status="PASS" start="2025-03-09T12:54:15.126471" elapsed="0.143289"/>
</kw>
<arg>Forms</arg>
<status status="PASS" start="2025-03-09T12:54:15.096047" elapsed="0.173713"/>
</kw>
<kw name="Page Should Contain" owner="SeleniumLibrary">
<msg time="2025-03-09T12:54:15.288715" level="INFO">Current page contains text 'Forms'.</msg>
<arg>Forms</arg>
<doc>Verifies that current page contains ``text``.</doc>
<status status="PASS" start="2025-03-09T12:54:15.269760" elapsed="0.018955"/>
</kw>
<kw name="Click on Upload and Download" owner="upload_download_page">
<kw name="Click Element" owner="SeleniumLibrary">
<msg time="2025-03-09T12:54:15.289706" level="INFO">Clicking element 'xpath=(//*[@id="app"]/div/div/div//div/div/div[contains(., 'Elements')])[2]'.</msg>
<arg>xpath=(//*[@id="app"]/div/div/div//div/div/div[contains(., 'Elements')])[2]</arg>
<doc>Click the element identified by ``locator``.</doc>
<status status="PASS" start="2025-03-09T12:54:15.288715" elapsed="0.094985"/>
</kw>
<kw name="Wait Until Element Is Visible" owner="SeleniumLibrary">
<arg>xpath=//*[contains(text(), 'Upload and Download')]</arg>
<arg>timeout=10s</arg>
<doc>Waits until the element ``locator`` is visible.</doc>
<status status="PASS" start="2025-03-09T12:54:15.383700" elapsed="0.265411"/>
</kw>
<kw name="Click Element" owner="SeleniumLibrary">
<msg time="2025-03-09T12:54:15.650109" level="INFO">Clicking element 'xpath=//*[contains(text(), 'Upload and Download')]'.</msg>
<arg>xpath=//*[contains(text(), 'Upload and Download')]</arg>
<doc>Click the element identified by ``locator``.</doc>
<status status="PASS" start="2025-03-09T12:54:15.649111" elapsed="0.106629"/>
</kw>
<status status="PASS" start="2025-03-09T12:54:15.288715" elapsed="0.467025"/>
</kw>
<kw name="Click Download" owner="upload_download_page">
<kw name="Click Element" owner="SeleniumLibrary">
<msg time="2025-03-09T12:54:15.756740" level="INFO">Clicking element 'id=downloadButton'.</msg>
<arg>id=downloadButton</arg>
<doc>Click the element identified by ``locator``.</doc>
<status status="PASS" start="2025-03-09T12:54:15.756740" elapsed="0.195700"/>
</kw>
<status status="PASS" start="2025-03-09T12:54:15.756740" elapsed="0.195700"/>
</kw>
<kw name="Check if is Download" owner="upload_download_page">
<kw name="Wait Until Keyword Succeeds" owner="BuiltIn">
<kw name="File Should Exist" owner="OperatingSystem">
<msg time="2025-03-09T12:54:15.954536" level="INFO" html="true">File '&lt;a href="file://C:\Users\dougl\Downloads\sampleFile.jpeg"&gt;C:\Users\dougl\Downloads\sampleFile.jpeg&lt;/a&gt;' exists.</msg>
<arg>${DOWNLOAD_PATH}/${FILE_NAME}</arg>
<doc>Fails unless the given ``path`` points to an existing file.</doc>
<status status="PASS" start="2025-03-09T12:54:15.954536" elapsed="0.000000"/>
</kw>
<arg>30x</arg>
<arg>2s</arg>
<arg>File Should Exist</arg>
<arg>${DOWNLOAD_PATH}/${FILE_NAME}</arg>
<doc>Runs the specified keyword and retries if it fails.</doc>
<status status="PASS" start="2025-03-09T12:54:15.954536" elapsed="0.000000"/>
</kw>
<kw name="Get File Size" owner="OperatingSystem">
<msg time="2025-03-09T12:54:15.955528" level="INFO" html="true">Size of file '&lt;a href="file://C:\Users\dougl\Downloads\sampleFile.jpeg"&gt;C:\Users\dougl\Downloads\sampleFile.jpeg&lt;/a&gt;' is 4096 bytes.</msg>
<msg time="2025-03-09T12:54:15.955528" level="INFO">${size} = 4096</msg>
<var>${size}</var>
<arg>${DOWNLOAD_PATH}/${FILE_NAME}</arg>
<doc>Returns and logs file size as an integer in bytes.</doc>
<status status="PASS" start="2025-03-09T12:54:15.955528" elapsed="0.000000"/>
</kw>
<kw name="Should Be True" owner="BuiltIn">
<arg>${size} &gt; 0</arg>
<arg>File its correct</arg>
<doc>Fails if the given condition is not true.</doc>
<status status="PASS" start="2025-03-09T12:54:15.955528" elapsed="0.000000"/>
</kw>
<status status="PASS" start="2025-03-09T12:54:15.953546" elapsed="0.001982"/>
</kw>
<kw name="Click Upload" owner="upload_download_page">
<kw name="Choose File" owner="SeleniumLibrary">
<msg time="2025-03-09T12:54:15.956530" level="INFO">Sending C:\Users\dougl\Desktop\Robot_Web\resources\imgs\princess.jpg to browser.</msg>
<arg>id=uploadFile</arg>
<arg>${UPLOAD_NAME}</arg>
<doc>Inputs the ``file_path`` into the file input field ``locator``.</doc>
<status status="PASS" start="2025-03-09T12:54:15.956530" elapsed="0.050957"/>
</kw>
<status status="PASS" start="2025-03-09T12:54:15.955528" elapsed="0.053349"/>
</kw>
<kw name="Check if is Download" owner="upload_download_page">
<kw name="Wait Until Keyword Succeeds" owner="BuiltIn">
<kw name="File Should Exist" owner="OperatingSystem">
<msg time="2025-03-09T12:54:16.010883" level="INFO" html="true">File '&lt;a href="file://C:\Users\dougl\Downloads\sampleFile.jpeg"&gt;C:\Users\dougl\Downloads\sampleFile.jpeg&lt;/a&gt;' exists.</msg>
<arg>${DOWNLOAD_PATH}/${FILE_NAME}</arg>
<doc>Fails unless the given ``path`` points to an existing file.</doc>
<status status="PASS" start="2025-03-09T12:54:16.010883" elapsed="0.000000"/>
</kw>
<arg>30x</arg>
<arg>2s</arg>
<arg>File Should Exist</arg>
<arg>${DOWNLOAD_PATH}/${FILE_NAME}</arg>
<doc>Runs the specified keyword and retries if it fails.</doc>
<status status="PASS" start="2025-03-09T12:54:16.009881" elapsed="0.001002"/>
</kw>
<kw name="Get File Size" owner="OperatingSystem">
<msg time="2025-03-09T12:54:16.012259" level="INFO" html="true">Size of file '&lt;a href="file://C:\Users\dougl\Downloads\sampleFile.jpeg"&gt;C:\Users\dougl\Downloads\sampleFile.jpeg&lt;/a&gt;' is 4096 bytes.</msg>
<msg time="2025-03-09T12:54:16.012259" level="INFO">${size} = 4096</msg>
<var>${size}</var>
<arg>${DOWNLOAD_PATH}/${FILE_NAME}</arg>
<doc>Returns and logs file size as an integer in bytes.</doc>
<status status="PASS" start="2025-03-09T12:54:16.010883" elapsed="0.001376"/>
</kw>
<kw name="Should Be True" owner="BuiltIn">
<arg>${size} &gt; 0</arg>
<arg>File its correct</arg>
<doc>Fails if the given condition is not true.</doc>
<status status="PASS" start="2025-03-09T12:54:16.012259" elapsed="0.000000"/>
</kw>
<status status="PASS" start="2025-03-09T12:54:16.009881" elapsed="0.002378"/>
</kw>
<status status="PASS" start="2025-03-09T12:54:10.236341" elapsed="5.776970"/>
</test>
<test id="s1-t3" name="Check Alerts" line="32">
<kw name="Acessar Página Inicial" owner="home_page">
<kw name="Open Browser" owner="SeleniumLibrary">
<msg time="2025-03-09T12:54:16.015541" level="INFO">Opening browser 'chrome' to base url 'https://demoqa.com/'.</msg>
<arg>${URL}</arg>
<arg>chrome</arg>
<doc>Opens a new browser instance to the optional ``url``.</doc>
<status status="PASS" start="2025-03-09T12:54:16.015541" elapsed="5.585243"/>
</kw>
<status status="PASS" start="2025-03-09T12:54:16.014545" elapsed="5.586239"/>
</kw>
<kw name="Clicar no elemento" owner="home_page">
<kw name="Set Variable" owner="BuiltIn">
<msg time="2025-03-09T12:54:21.601869" level="INFO">${seletor} = xpath=//h5[text()='Alerts, Frame &amp; Windows']</msg>
<var>${seletor}</var>
<arg>xpath=//h5[text()='${texto}']</arg>
<doc>Returns the given values which can then be assigned to a variables.</doc>
<status status="PASS" start="2025-03-09T12:54:21.601869" elapsed="0.000000"/>
</kw>
<kw name="Wait Until Element Is Visible" owner="SeleniumLibrary">
<arg>${seletor}</arg>
<arg>timeout=10s</arg>
<doc>Waits until the element ``locator`` is visible.</doc>
<status status="PASS" start="2025-03-09T12:54:21.601869" elapsed="0.030793"/>
</kw>
<kw name="Click Element" owner="SeleniumLibrary">
<msg time="2025-03-09T12:54:21.633669" level="INFO">Clicking element 'xpath=//h5[text()='Alerts, Frame &amp; Windows']'.</msg>
<arg>${seletor}</arg>
<doc>Click the element identified by ``locator``.</doc>
<status status="PASS" start="2025-03-09T12:54:21.632662" elapsed="0.128918"/>
</kw>
<arg>Alerts, Frame &amp; Windows</arg>
<status status="PASS" start="2025-03-09T12:54:21.601869" elapsed="0.159711"/>
</kw>
<kw name="Page Should Contain" owner="SeleniumLibrary">
<msg time="2025-03-09T12:54:21.779770" level="INFO">Current page contains text 'Alerts, Frame &amp; Windows'.</msg>
<arg>Alerts, Frame &amp; Windows</arg>
<doc>Verifies that current page contains ``text``.</doc>
<status status="PASS" start="2025-03-09T12:54:21.762586" elapsed="0.017184"/>
</kw>
<kw name="Click on Alerts, Frame &amp; Windows" owner="alert_page">
<kw name="Click Element" owner="SeleniumLibrary">
<msg time="2025-03-09T12:54:21.781783" level="INFO">Clicking element 'xpath=(//*[@id="app"]/div/div/div//div/div/div[contains(., 'Alerts, Frame &amp; Windows')])[2]'.</msg>
<arg>xpath=(//*[@id="app"]/div/div/div//div/div/div[contains(., 'Alerts, Frame &amp; Windows')])[2]</arg>
<doc>Click the element identified by ``locator``.</doc>
<status status="PASS" start="2025-03-09T12:54:21.781783" elapsed="0.102797"/>
</kw>
<kw name="Wait Until Element Is Visible" owner="SeleniumLibrary">
<arg>xpath=//*[contains(text(), 'Browser Windows')]</arg>
<arg>timeout=10s</arg>
<doc>Waits until the element ``locator`` is visible.</doc>
<status status="PASS" start="2025-03-09T12:54:21.884580" elapsed="0.030256"/>
</kw>
<kw name="Click Element" owner="SeleniumLibrary">
<msg time="2025-03-09T12:54:21.914836" level="INFO">Clicking element 'xpath=//*[contains(text(), 'Alerts')]'.</msg>
<arg>xpath=//*[contains(text(), 'Alerts')]</arg>
<doc>Click the element identified by ``locator``.</doc>
<status status="PASS" start="2025-03-09T12:54:21.914836" elapsed="0.107799"/>
</kw>
<status status="PASS" start="2025-03-09T12:54:21.780762" elapsed="0.241873"/>
</kw>
<kw name="Click in Basic allert" owner="alert_page">
<kw name="Click Button" owner="SeleniumLibrary">
<msg time="2025-03-09T12:54:22.023896" level="INFO">Clicking button 'id=alertButton'.</msg>
<arg>id=alertButton</arg>
<doc>Clicks the button identified by ``locator``.</doc>
<status status="PASS" start="2025-03-09T12:54:22.023896" elapsed="0.150966"/>
</kw>
<kw name="Alert Should Be Present" owner="SeleniumLibrary">
<msg time="2025-03-09T12:54:22.174862" level="INFO">HANDLE::&lt;class 'datetime.timedelta'&gt;::0:00:02</msg>
<arg>You clicked a button</arg>
<arg>timeout=2s</arg>
<doc>Verifies that an alert is present and by default, accepts it.</doc>
<status status="PASS" start="2025-03-09T12:54:22.174862" elapsed="0.017952"/>
</kw>
<status status="PASS" start="2025-03-09T12:54:22.023896" elapsed="0.170024"/>
</kw>
<kw name="Click in Timer allert" owner="alert_page">
<kw name="Click Button" owner="SeleniumLibrary">
<msg time="2025-03-09T12:54:22.194917" level="INFO">Clicking button 'id=timerAlertButton'.</msg>
<arg>id=timerAlertButton</arg>
<doc>Clicks the button identified by ``locator``.</doc>
<status status="PASS" start="2025-03-09T12:54:22.194917" elapsed="0.270913"/>
</kw>
<kw name="Alert Should Not Be Present" owner="SeleniumLibrary">
<arg>You clicked a button</arg>
<arg>timeout=4s</arg>
<doc>Verifies that no alert is present.</doc>
<status status="PASS" start="2025-03-09T12:54:22.465830" elapsed="4.419409"/>
</kw>
<kw name="Alert Should Be Present" owner="SeleniumLibrary">
<msg time="2025-03-09T12:54:26.886264" level="INFO">HANDLE::&lt;class 'datetime.timedelta'&gt;::0:00:07</msg>
<arg>This alert appeared after 5 seconds</arg>
<arg>timeout=7s</arg>
<doc>Verifies that an alert is present and by default, accepts it.</doc>
<status status="PASS" start="2025-03-09T12:54:26.885239" elapsed="1.013273"/>
</kw>
<status status="PASS" start="2025-03-09T12:54:22.194917" elapsed="5.704908"/>
</kw>
<kw name="Click in confirm allert" owner="alert_page">
<kw name="Click Button" owner="SeleniumLibrary">
<msg time="2025-03-09T12:54:27.899825" level="INFO">Clicking button 'id=confirmButton'.</msg>
<arg>id=confirmButton</arg>
<doc>Clicks the button identified by ``locator``.</doc>
<status status="PASS" start="2025-03-09T12:54:27.899825" elapsed="0.107919"/>
</kw>
<kw name="Handle Alert" owner="SeleniumLibrary">
<msg time="2025-03-09T12:54:28.007744" level="INFO">HANDLE::&lt;class 'datetime.timedelta'&gt;::0:00:05</msg>
<arg>action=ACCEPT</arg>
<arg>timeout=5s</arg>
<doc>Handles the current alert and returns its message.</doc>
<status status="PASS" start="2025-03-09T12:54:28.007744" elapsed="0.005016"/>
</kw>
<kw name="Wait Until Element Contains" owner="SeleniumLibrary">
<arg>xpath=//span[@id='confirmResult']</arg>
<arg>You selected Ok</arg>
<arg>timeout=5s</arg>
<doc>Waits until the element ``locator`` contains ``text``.</doc>
<status status="PASS" start="2025-03-09T12:54:28.012760" elapsed="0.035715"/>
</kw>
<status status="PASS" start="2025-03-09T12:54:27.899825" elapsed="0.148650"/>
</kw>
<kw name="Click in cancell allert" owner="alert_page">
<kw name="Click Button" owner="SeleniumLibrary">
<msg time="2025-03-09T12:54:28.049495" level="INFO">Clicking button 'id=confirmButton'.</msg>
<arg>id=confirmButton</arg>
<doc>Clicks the button identified by ``locator``.</doc>
<status status="PASS" start="2025-03-09T12:54:28.049495" elapsed="0.095728"/>
</kw>
<kw name="Handle Alert" owner="SeleniumLibrary">
<msg time="2025-03-09T12:54:28.146208" level="INFO">HANDLE::&lt;class 'datetime.timedelta'&gt;::0:00:05</msg>
<arg>action=DISMISS</arg>
<arg>timeout=5s</arg>
<doc>Handles the current alert and returns its message.</doc>
<status status="PASS" start="2025-03-09T12:54:28.145223" elapsed="0.006632"/>
</kw>
<kw name="Wait Until Element Contains" owner="SeleniumLibrary">
<arg>xpath=//span[@id='confirmResult']</arg>
<arg>You selected Cancel</arg>
<arg>timeout=5s</arg>
<doc>Waits until the element ``locator`` contains ``text``.</doc>
<status status="PASS" start="2025-03-09T12:54:28.152860" elapsed="0.022112"/>
</kw>
<status status="PASS" start="2025-03-09T12:54:28.048475" elapsed="0.126497"/>
</kw>
<kw name="Click in Prompt allert" owner="alert_page">
<kw name="Click Button" owner="SeleniumLibrary">
<msg time="2025-03-09T12:54:28.175971" level="INFO">Clicking button 'id=promtButton'.</msg>
<arg>id=promtButton</arg>
<doc>Clicks the button identified by ``locator``.</doc>
<status status="PASS" start="2025-03-09T12:54:28.175971" elapsed="0.106777"/>
</kw>
<kw name="Sleep" owner="BuiltIn">
<msg time="2025-03-09T12:54:29.283105" level="INFO">Slept 1 second.</msg>
<arg>1s</arg>
<doc>Pauses the test executed for the given time.</doc>
<status status="PASS" start="2025-03-09T12:54:28.282748" elapsed="1.000357"/>
</kw>
<kw name="Input Text Into Alert" owner="SeleniumLibrary">
<arg>${NAME_ALERT}</arg>
<doc>Types the given ``text`` into an input field in an alert.</doc>
<status status="PASS" start="2025-03-09T12:54:29.283105" elapsed="0.009648"/>
</kw>
<kw name="Wait Until Element Contains" owner="SeleniumLibrary">
<arg>xpath=//span[@id='promptResult']</arg>
<arg>${NAME_ALERT}</arg>
<arg>timeout=5s</arg>
<doc>Waits until the element ``locator`` contains ``text``.</doc>
<status status="PASS" start="2025-03-09T12:54:29.293759" elapsed="0.029986"/>
</kw>
<arg>Douglas</arg>
<status status="PASS" start="2025-03-09T12:54:28.174972" elapsed="1.148773"/>
</kw>
<status status="PASS" start="2025-03-09T12:54:16.014545" elapsed="13.310195"/>
</test>
<status status="PASS" start="2025-03-09T12:53:41.227530" elapsed="48.098221"/>
</suite>
<statistics>
<total>
<stat pass="3" fail="0" skip="0">All Tests</stat>
</total>
<tag>
</tag>
<suite>
<stat pass="3" fail="0" skip="0" id="s1" name="Home">Home</stat>
</suite>
</statistics>
<errors>
</errors>
</robot>
